<?xml version="1.0" encoding="UTF-8"?>
<!-- Generated by org.testng.reporters.JUnitReportReporter -->
<testsuite hostname="DipaliV-lpt" failures="0" tests="34" name="com.PRMSTool.Tests.ClientReviewTest" time="241.057" errors="1" timestamp="2021-12-06T13:31:19 IST" skipped="0">
  <testcase classname="com.PRMSTool.Tests.ClientReviewTest" name="verifyLogin" time="21.626"/>
  <system-out/>
  <testcase classname="com.PRMSTool.Tests.ClientReviewTest" name="verifyclickOnClientReview" time="7.009"/>
  <system-out/>
  <testcase classname="com.PRMSTool.Tests.ClientReviewTest" name="verifyclickOnAddNew" time="5.693"/>
  <system-out/>
  <testcase classname="com.PRMSTool.Tests.ClientReviewTest" name="verifyaddNewClientReview" time="25.964"/>
  <system-out/>
  <testcase classname="com.PRMSTool.Tests.ClientReviewTest" name="verifysearch" time="13.427"/>
  <system-out/>
  <testcase classname="com.PRMSTool.Tests.ClientReviewTest" name="verifyclickOnEditButton" time="0.123"/>
  <system-out/>
  <testcase classname="com.PRMSTool.Tests.ClientReviewTest" name="verifyeditClientReview" time="64.164">
    <error message="no such element: Unable to locate element: {&quot;method&quot;:&quot;xpath&quot;,&quot;selector&quot;:&quot;//mat-option[@role=&#039;option&#039;]/span[contains(text(),&#039; 2022 &#039;)]&quot;}
  (Session info: chrome=96.0.4664.45)
For documentation on this error, please visit: https://www.seleniumhq.org/exceptions/no_such_element.html
Build info: version: &#039;3.141.59&#039;, revision: &#039;e82be7d358&#039;, time: &#039;2018-11-14T08:17:03&#039;
System info: host: &#039;DIPALIV-LPT&#039;, ip: &#039;10.81.234.8&#039;, os.name: &#039;Windows 10&#039;, os.arch: &#039;amd64&#039;, os.version: &#039;10.0&#039;, java.version: &#039;15.0.1&#039;
Driver info: org.openqa.selenium.chrome.ChromeDriver
Capabilities {acceptInsecureCerts: false, browserName: chrome, browserVersion: 96.0.4664.45, chrome: {chromedriverVersion: 96.0.4664.45 (76e4c1bb2ab46..., userDataDir: C:\Users\DIPALI~1.VAI\AppDa...}, goog:chromeOptions: {debuggerAddress: localhost:58499}, javascriptEnabled: true, networkConnectionEnabled: false, pageLoadStrategy: normal, platform: WINDOWS, platformName: WINDOWS, proxy: Proxy(), setWindowRect: true, strictFileInteractability: false, timeouts: {implicit: 0, pageLoad: 300000, script: 30000}, unhandledPromptBehavior: dismiss and notify, webauthn:extension:credBlob: true, webauthn:extension:largeBlob: true, webauthn:virtualAuthenticators: true}
Session ID: d2ba3cc3cced4d00a3a31e3826afd17d
*** Element info: {Using=xpath, value=//mat-option[@role=&#039;option&#039;]/span[contains(text(),&#039; 2022 &#039;)]}" type="org.openqa.selenium.NoSuchElementException">
      <![CDATA[org.openqa.selenium.NoSuchElementException: no such element: Unable to locate element: {"method":"xpath","selector":"//mat-option[@role='option']/span[contains(text(),' 2022 ')]"}
  (Session info: chrome=96.0.4664.45)
For documentation on this error, please visit: https://www.seleniumhq.org/exceptions/no_such_element.html
Build info: version: '3.141.59', revision: 'e82be7d358', time: '2018-11-14T08:17:03'
System info: host: 'DIPALIV-LPT', ip: '10.81.234.8', os.name: 'Windows 10', os.arch: 'amd64', os.version: '10.0', java.version: '15.0.1'
Driver info: org.openqa.selenium.chrome.ChromeDriver
Capabilities {acceptInsecureCerts: false, browserName: chrome, browserVersion: 96.0.4664.45, chrome: {chromedriverVersion: 96.0.4664.45 (76e4c1bb2ab46..., userDataDir: C:\Users\DIPALI~1.VAI\AppDa...}, goog:chromeOptions: {debuggerAddress: localhost:58499}, javascriptEnabled: true, networkConnectionEnabled: false, pageLoadStrategy: normal, platform: WINDOWS, platformName: WINDOWS, proxy: Proxy(), setWindowRect: true, strictFileInteractability: false, timeouts: {implicit: 0, pageLoad: 300000, script: 30000}, unhandledPromptBehavior: dismiss and notify, webauthn:extension:credBlob: true, webauthn:extension:largeBlob: true, webauthn:virtualAuthenticators: true}
Session ID: d2ba3cc3cced4d00a3a31e3826afd17d
*** Element info: {Using=xpath, value=//mat-option[@role='option']/span[contains(text(),' 2022 ')]}
at jdk.internal.reflect.GeneratedConstructorAccessor16.newInstance(Unknown Source)
at java.base/jdk.internal.reflect.DelegatingConstructorAccessorImpl.newInstance(DelegatingConstructorAccessorImpl.java:45)
at java.base/java.lang.reflect.Constructor.newInstanceWithCaller(Constructor.java:500)
at java.base/java.lang.reflect.Constructor.newInstance(Constructor.java:481)
at org.openqa.selenium.remote.http.W3CHttpResponseCodec.createException(W3CHttpResponseCodec.java:187)
at org.openqa.selenium.remote.http.W3CHttpResponseCodec.decode(W3CHttpResponseCodec.java:122)
at org.openqa.selenium.remote.http.W3CHttpResponseCodec.decode(W3CHttpResponseCodec.java:49)
at org.openqa.selenium.remote.HttpCommandExecutor.execute(HttpCommandExecutor.java:158)
at org.openqa.selenium.remote.service.DriverCommandExecutor.execute(DriverCommandExecutor.java:83)
at org.openqa.selenium.remote.RemoteWebDriver.execute(RemoteWebDriver.java:552)
at org.openqa.selenium.remote.RemoteWebDriver.findElement(RemoteWebDriver.java:323)
at org.openqa.selenium.remote.RemoteWebDriver.findElementByXPath(RemoteWebDriver.java:428)
at org.openqa.selenium.By$ByXPath.findElement(By.java:353)
at org.openqa.selenium.remote.RemoteWebDriver.findElement(RemoteWebDriver.java:315)
at org.openqa.selenium.support.pagefactory.DefaultElementLocator.findElement(DefaultElementLocator.java:69)
at org.openqa.selenium.support.pagefactory.internal.LocatingElementHandler.invoke(LocatingElementHandler.java:38)
at com.sun.proxy.$Proxy12.getWrappedElement(Unknown Source)
at org.openqa.selenium.remote.internal.WebElementToJsonConverter.apply(WebElementToJsonConverter.java:50)
at java.base/java.util.stream.ReferencePipeline$3$1.accept(ReferencePipeline.java:195)
at java.base/java.util.Spliterators$ArraySpliterator.forEachRemaining(Spliterators.java:948)
at java.base/java.util.stream.AbstractPipeline.copyInto(AbstractPipeline.java:484)
at java.base/java.util.stream.AbstractPipeline.wrapAndCopyInto(AbstractPipeline.java:474)
at java.base/java.util.stream.ReduceOps$ReduceOp.evaluateSequential(ReduceOps.java:913)
at java.base/java.util.stream.AbstractPipeline.evaluate(AbstractPipeline.java:234)
at java.base/java.util.stream.ReferencePipeline.collect(ReferencePipeline.java:578)
at org.openqa.selenium.remote.RemoteWebDriver.executeScript(RemoteWebDriver.java:484)
at com.PRMSTool.Pages.ClientReviewPage.editClientReview(ClientReviewPage.java:432)
at com.PRMSTool.Tests.ClientReviewTest.verifyeditClientReview(ClientReviewTest.java:61)
at java.base/jdk.internal.reflect.NativeMethodAccessorImpl.invoke0(Native Method)
at java.base/jdk.internal.reflect.NativeMethodAccessorImpl.invoke(NativeMethodAccessorImpl.java:64)
at java.base/jdk.internal.reflect.DelegatingMethodAccessorImpl.invoke(DelegatingMethodAccessorImpl.java:43)
at java.base/java.lang.reflect.Method.invoke(Method.java:564)
at org.testng.internal.MethodInvocationHelper.invokeMethod(MethodInvocationHelper.java:132)
at org.testng.internal.TestInvoker.invokeMethod(TestInvoker.java:599)
at org.testng.internal.TestInvoker.invokeTestMethod(TestInvoker.java:174)
at org.testng.internal.MethodRunner.runInSequence(MethodRunner.java:46)
at org.testng.internal.TestInvoker$MethodInvocationAgent.invoke(TestInvoker.java:822)
at org.testng.internal.TestInvoker.invokeTestMethods(TestInvoker.java:147)
at org.testng.internal.TestMethodWorker.invokeTestMethods(TestMethodWorker.java:146)
at org.testng.internal.TestMethodWorker.run(TestMethodWorker.java:128)
at java.base/java.util.ArrayList.forEach(ArrayList.java:1511)
at org.testng.TestRunner.privateRun(TestRunner.java:764)
at org.testng.TestRunner.run(TestRunner.java:585)
at org.testng.SuiteRunner.runTest(SuiteRunner.java:384)
at org.testng.SuiteRunner.runSequentially(SuiteRunner.java:378)
at org.testng.SuiteRunner.privateRun(SuiteRunner.java:337)
at org.testng.SuiteRunner.run(SuiteRunner.java:286)
at org.testng.SuiteRunnerWorker.runSuite(SuiteRunnerWorker.java:53)
at org.testng.SuiteRunnerWorker.run(SuiteRunnerWorker.java:96)
at org.testng.TestNG.runSuitesSequentially(TestNG.java:1218)
at org.testng.TestNG.runSuitesSequentially(TestNG.java:1213)
at org.testng.TestNG.runSuitesLocally(TestNG.java:1140)
at org.testng.TestNG.runSuites(TestNG.java:1069)
at org.testng.TestNG.run(TestNG.java:1037)
at org.testng.remote.AbstractRemoteTestNG.run(AbstractRemoteTestNG.java:115)
at org.testng.remote.RemoteTestNG.initAndRun(RemoteTestNG.java:251)
at org.testng.remote.RemoteTestNG.main(RemoteTestNG.java:77)
]]>
    </error>
  </testcase> <!-- verifyeditClientReview -->
  <system-out/>
  <testcase classname="com.PRMSTool.Tests.ClientReviewTest" name="verifyclickOnUpdateButton" time="0.079"/>
  <system-out/>
  <testcase classname="com.PRMSTool.Tests.ClientReviewTest" name="verifydelete" time="18.616"/>
  <system-out/>
  <testcase classname="com.PRMSTool.Tests.ClientReviewTest" name="verifydisplayDateJanuary" time="3.118"/>
  <system-out/>
  <testcase classname="com.PRMSTool.Tests.ClientReviewTest" name="verifydisplayDateJanuary1" time="6.078"/>
  <system-out/>
  <testcase classname="com.PRMSTool.Tests.ClientReviewTest" name="verifydisplayDateFebruary" time="6.117"/>
  <system-out/>
  <testcase classname="com.PRMSTool.Tests.ClientReviewTest" name="verifydisplayDateFebruary1" time="6.111"/>
  <system-out/>
  <testcase classname="com.PRMSTool.Tests.ClientReviewTest" name="verifydisplayDateMarch" time="3.123"/>
  <system-out/>
  <testcase classname="com.PRMSTool.Tests.ClientReviewTest" name="verifydisplayDateMarch1" time="3.133"/>
  <system-out/>
  <testcase classname="com.PRMSTool.Tests.ClientReviewTest" name="verifydisplayDateApril" time="3.128"/>
  <system-out/>
  <testcase classname="com.PRMSTool.Tests.ClientReviewTest" name="verifydisplayDateApril1" time="3.129"/>
  <system-out/>
  <testcase classname="com.PRMSTool.Tests.ClientReviewTest" name="verifydisplayDateMay" time="3.134"/>
  <system-out/>
  <testcase classname="com.PRMSTool.Tests.ClientReviewTest" name="verifydisplayDateMay1" time="3.138"/>
  <system-out/>
  <testcase classname="com.PRMSTool.Tests.ClientReviewTest" name="verifydisplayDateJune" time="3.129"/>
  <system-out/>
  <testcase classname="com.PRMSTool.Tests.ClientReviewTest" name="verifydisplayDateJune1" time="3.139"/>
  <system-out/>
  <testcase classname="com.PRMSTool.Tests.ClientReviewTest" name="verifydisplayDateJuly" time="3.153"/>
  <system-out/>
  <testcase classname="com.PRMSTool.Tests.ClientReviewTest" name="verifydisplayDateJuly1" time="3.124"/>
  <system-out/>
  <testcase classname="com.PRMSTool.Tests.ClientReviewTest" name="verifydisplayDateAugust" time="3.127"/>
  <system-out/>
  <testcase classname="com.PRMSTool.Tests.ClientReviewTest" name="verifydisplayDateAugust1" time="3.137"/>
  <system-out/>
  <testcase classname="com.PRMSTool.Tests.ClientReviewTest" name="verifydisplayDateSeptember" time="3.129"/>
  <system-out/>
  <testcase classname="com.PRMSTool.Tests.ClientReviewTest" name="verifydisplayDateSeptember1" time="3.134"/>
  <system-out/>
  <testcase classname="com.PRMSTool.Tests.ClientReviewTest" name="verifydisplayDateOctober" time="3.149"/>
  <system-out/>
  <testcase classname="com.PRMSTool.Tests.ClientReviewTest" name="verifydisplayDateOctober1" time="3.136"/>
  <system-out/>
  <testcase classname="com.PRMSTool.Tests.ClientReviewTest" name="verifydisplayDateNovember" time="3.129"/>
  <system-out/>
  <testcase classname="com.PRMSTool.Tests.ClientReviewTest" name="verifydisplayDateNovember1" time="3.127"/>
  <system-out/>
  <testcase classname="com.PRMSTool.Tests.ClientReviewTest" name="verifydisplayDateDecember" time="3.217"/>
  <system-out/>
  <testcase classname="com.PRMSTool.Tests.ClientReviewTest" name="verifydisplayDateDecember1" time="3.125"/>
  <system-out/>
  <testcase classname="com.PRMSTool.Tests.ClientReviewTest" name="verifydisplayYearAll" time="0.192"/>
  <system-out/>
</testsuite> <!-- com.PRMSTool.Tests.ClientReviewTest -->
